2016-02-07 23:57:22 - 读入文件： C:\Users\CUI\Documents\GitHub\iHomePlug\Dongle\build\iHomeDongle.hex
2016-02-07 23:57:22 - 文件长度：0x200A = 8202 字节 
2016-02-07 23:57:23 - 文件重载成功，长度: 8202 字节
2016-02-07 23:57:23 - Unique ID: 
2016-02-07 23:57:23 -  5A 5A FF FF FF FF FF FF FF FF FF 5C D0 7F B0 AB
2016-02-07 23:57:23 - CHIPID: 
2016-02-07 23:57:23 - 5C D0 7F B0 AB 
2016-02-07 23:57:23 - Infopage: 
2016-02-07 23:57:23 - 0x20: FF (NUPP)
2016-02-07 23:57:23 - 0x21: FF (DAEN)
2016-02-07 23:57:23 - 0x22: FF (RDISIP)
2016-02-07 23:57:23 - 0x23: FF (RDISMB)
2016-02-07 23:57:23 - 0x24: FF (ENDEBUG)
2016-02-07 23:57:23 - 擦除器件...
2016-02-07 23:57:23 - 擦除器件.........完成
2016-02-07 23:57:23 - Unique ID: 
2016-02-07 23:57:23 -  5A 5A FF FF FF FF FF FF FF FF FF 5C D0 7F B0 AB
2016-02-07 23:57:23 - CHIPID: 
2016-02-07 23:57:23 - 5C D0 7F B0 AB 
2016-02-07 23:57:23 - Infopage: 
2016-02-07 23:57:23 - 0x20: FF (NUPP)
2016-02-07 23:57:23 - 0x21: FF (DAEN)
2016-02-07 23:57:23 - 0x22: FF (RDISIP)
2016-02-07 23:57:23 - 0x23: FF (RDISMB)
2016-02-07 23:57:23 - 0x24: FF (ENDEBUG)
2016-02-07 23:57:23 - 编程器件...
2016-02-07 23:57:24 - 编程器件.........完成
2016-02-07 23:57:24 - 效验器件...
2016-02-07 23:57:24 - 效验器件.........OK
2016-02-07 23:59:00 - 读入文件： C:\Users\CUI\Documents\GitHub\iHomePlug\Dongle\build\iHomeDongle.hex
2016-02-07 23:59:00 - 文件长度：0x244F = 9295 字节 
2016-02-07 23:59:02 - 文件重载成功，长度: 9295 字节
2016-02-07 23:59:02 - Unique ID: 
2016-02-07 23:59:02 -  5A 5A FF FF FF FF FF FF FF FF FF 5C D0 7F B0 AB
2016-02-07 23:59:02 - CHIPID: 
2016-02-07 23:59:02 - 5C D0 7F B0 AB 
2016-02-07 23:59:02 - Infopage: 
2016-02-07 23:59:02 - 0x20: FF (NUPP)
2016-02-07 23:59:02 - 0x21: FF (DAEN)
2016-02-07 23:59:02 - 0x22: FF (RDISIP)
2016-02-07 23:59:02 - 0x23: FF (RDISMB)
2016-02-07 23:59:02 - 0x24: FF (ENDEBUG)
2016-02-07 23:59:02 - 擦除器件...
2016-02-07 23:59:02 - 擦除器件.........完成
2016-02-07 23:59:03 - Unique ID: 
2016-02-07 23:59:03 -  5A 5A FF FF FF FF FF FF FF FF FF 5C D0 7F B0 AB
2016-02-07 23:59:03 - CHIPID: 
2016-02-07 23:59:03 - 5C D0 7F B0 AB 
2016-02-07 23:59:03 - Infopage: 
2016-02-07 23:59:03 - 0x20: FF (NUPP)
2016-02-07 23:59:03 - 0x21: FF (DAEN)
2016-02-07 23:59:03 - 0x22: FF (RDISIP)
2016-02-07 23:59:03 - 0x23: FF (RDISMB)
2016-02-07 23:59:03 - 0x24: FF (ENDEBUG)
2016-02-07 23:59:03 - 编程器件...
2016-02-07 23:59:03 - 编程器件.........完成
2016-02-07 23:59:03 - 效验器件...
2016-02-07 23:59:04 - 效验器件.........OK
2016-02-08 00:01:56 - 读入文件： C:\Users\CUI\Documents\GitHub\iHomePlug\Dongle\build\iHomeDongle.hex
2016-02-08 00:01:56 - 文件长度：0x2046 = 8262 字节 
2016-02-08 00:01:58 - 文件重载成功，长度: 8262 字节
2016-02-08 00:01:58 - Unique ID: 
2016-02-08 00:01:58 -  5A 5A FF FF FF FF FF FF FF FF FF 5C D0 7F B0 AB
2016-02-08 00:01:58 - CHIPID: 
2016-02-08 00:01:58 - 5C D0 7F B0 AB 
2016-02-08 00:01:58 - Infopage: 
2016-02-08 00:01:58 - 0x20: FF (NUPP)
2016-02-08 00:01:58 - 0x21: FF (DAEN)
2016-02-08 00:01:58 - 0x22: FF (RDISIP)
2016-02-08 00:01:58 - 0x23: FF (RDISMB)
2016-02-08 00:01:58 - 0x24: FF (ENDEBUG)
2016-02-08 00:01:58 - 擦除器件...
2016-02-08 00:01:58 - 擦除器件.........完成
2016-02-08 00:01:58 - Unique ID: 
2016-02-08 00:01:58 -  5A 5A FF FF FF FF FF FF FF FF FF 5C D0 7F B0 AB
2016-02-08 00:01:58 - CHIPID: 
2016-02-08 00:01:58 - 5C D0 7F B0 AB 
2016-02-08 00:01:58 - Infopage: 
2016-02-08 00:01:58 - 0x20: FF (NUPP)
2016-02-08 00:01:58 - 0x21: FF (DAEN)
2016-02-08 00:01:58 - 0x22: FF (RDISIP)
2016-02-08 00:01:58 - 0x23: FF (RDISMB)
2016-02-08 00:01:58 - 0x24: FF (ENDEBUG)
2016-02-08 00:01:58 - 编程器件...
2016-02-08 00:01:59 - 编程器件.........完成
2016-02-08 00:01:59 - 效验器件...
2016-02-08 00:01:59 - 效验器件.........OK
2016-02-08 00:05:08 - 读入文件： C:\Users\CUI\Documents\GitHub\iHomePlug\Dongle\build\iHomeDongle.hex
2016-02-08 00:05:08 - 文件长度：0x204B = 8267 字节 
2016-02-08 00:05:09 - 文件重载成功，长度: 8267 字节
2016-02-08 00:05:09 - Unique ID: 
2016-02-08 00:05:09 -  5A 5A FF FF FF FF FF FF FF FF FF 5C D0 7F B0 AB
2016-02-08 00:05:09 - CHIPID: 
2016-02-08 00:05:09 - 5C D0 7F B0 AB 
2016-02-08 00:05:09 - Infopage: 
2016-02-08 00:05:09 - 0x20: FF (NUPP)
2016-02-08 00:05:09 - 0x21: FF (DAEN)
2016-02-08 00:05:09 - 0x22: FF (RDISIP)
2016-02-08 00:05:09 - 0x23: FF (RDISMB)
2016-02-08 00:05:09 - 0x24: FF (ENDEBUG)
2016-02-08 00:05:09 - 擦除器件...
2016-02-08 00:05:09 - 擦除器件.........完成
2016-02-08 00:05:09 - Unique ID: 
2016-02-08 00:05:09 -  5A 5A FF FF FF FF FF FF FF FF FF 5C D0 7F B0 AB
2016-02-08 00:05:09 - CHIPID: 
2016-02-08 00:05:09 - 5C D0 7F B0 AB 
2016-02-08 00:05:09 - Infopage: 
2016-02-08 00:05:09 - 0x20: FF (NUPP)
2016-02-08 00:05:09 - 0x21: FF (DAEN)
2016-02-08 00:05:09 - 0x22: FF (RDISIP)
2016-02-08 00:05:09 - 0x23: FF (RDISMB)
2016-02-08 00:05:09 - 0x24: FF (ENDEBUG)
2016-02-08 00:05:09 - 编程器件...
2016-02-08 00:05:10 - 编程器件.........完成
2016-02-08 00:05:10 - 效验器件...
2016-02-08 00:05:10 - 效验器件.........OK
2016-02-08 00:07:08 - 读入文件： C:\Users\CUI\Documents\GitHub\iHomePlug\Dongle\build\iHomeDongle.hex
2016-02-08 00:07:08 - 文件长度：0x2451 = 9297 字节 
2016-02-08 00:07:09 - 文件重载成功，长度: 9297 字节
2016-02-08 00:07:09 - Unique ID: 
2016-02-08 00:07:09 -  5A 5A FF FF FF FF FF FF FF FF FF 5C D0 7F B0 AB
2016-02-08 00:07:09 - CHIPID: 
2016-02-08 00:07:09 - 5C D0 7F B0 AB 
2016-02-08 00:07:09 - Infopage: 
2016-02-08 00:07:09 - 0x20: FF (NUPP)
2016-02-08 00:07:09 - 0x21: FF (DAEN)
2016-02-08 00:07:09 - 0x22: FF (RDISIP)
2016-02-08 00:07:09 - 0x23: FF (RDISMB)
2016-02-08 00:07:09 - 0x24: FF (ENDEBUG)
2016-02-08 00:07:10 - 擦除器件...
2016-02-08 00:07:10 - 擦除器件.........完成
2016-02-08 00:07:10 - Unique ID: 
2016-02-08 00:07:10 -  5A 5A FF FF FF FF FF FF FF FF FF 5C D0 7F B0 AB
2016-02-08 00:07:10 - CHIPID: 
2016-02-08 00:07:10 - 5C D0 7F B0 AB 
2016-02-08 00:07:10 - Infopage: 
2016-02-08 00:07:10 - 0x20: FF (NUPP)
2016-02-08 00:07:10 - 0x21: FF (DAEN)
2016-02-08 00:07:10 - 0x22: FF (RDISIP)
2016-02-08 00:07:10 - 0x23: FF (RDISMB)
2016-02-08 00:07:10 - 0x24: FF (ENDEBUG)
2016-02-08 00:07:10 - 编程器件...
2016-02-08 00:07:10 - 编程器件.........完成
2016-02-08 00:07:10 - 效验器件...
2016-02-08 00:07:11 - 效验器件.........OK
2016-02-08 00:07:49 - 读入文件： C:\Users\CUI\Documents\GitHub\iHomePlug\Dongle\build\iHomeDongle.hex
2016-02-08 00:07:49 - 文件长度：0x28EB = 10475 字节 
2016-02-08 00:07:51 - 文件重载成功，长度: 10475 字节
2016-02-08 00:07:51 - Unique ID: 
2016-02-08 00:07:51 -  5A 5A FF FF FF FF FF FF FF FF FF 5C D0 7F B0 AB
2016-02-08 00:07:51 - CHIPID: 
2016-02-08 00:07:51 - 5C D0 7F B0 AB 
2016-02-08 00:07:51 - Infopage: 
2016-02-08 00:07:51 - 0x20: FF (NUPP)
2016-02-08 00:07:51 - 0x21: FF (DAEN)
2016-02-08 00:07:51 - 0x22: FF (RDISIP)
2016-02-08 00:07:51 - 0x23: FF (RDISMB)
2016-02-08 00:07:51 - 0x24: FF (ENDEBUG)
2016-02-08 00:07:51 - 擦除器件...
2016-02-08 00:07:51 - 擦除器件.........完成
2016-02-08 00:07:51 - Unique ID: 
2016-02-08 00:07:51 -  5A 5A FF FF FF FF FF FF FF FF FF 5C D0 7F B0 AB
2016-02-08 00:07:51 - CHIPID: 
2016-02-08 00:07:51 - 5C D0 7F B0 AB 
2016-02-08 00:07:51 - Infopage: 
2016-02-08 00:07:51 - 0x20: FF (NUPP)
2016-02-08 00:07:51 - 0x21: FF (DAEN)
2016-02-08 00:07:51 - 0x22: FF (RDISIP)
2016-02-08 00:07:51 - 0x23: FF (RDISMB)
2016-02-08 00:07:51 - 0x24: FF (ENDEBUG)
2016-02-08 00:07:51 - 编程器件...
2016-02-08 00:07:52 - 编程器件.........完成
2016-02-08 00:07:52 - 效验器件...
2016-02-08 00:07:52 - 效验器件.........OK
2016-02-08 00:08:32 - 读入文件： C:\Users\CUI\Documents\GitHub\iHomePlug\Dongle\build\iHomeDongle.hex
2016-02-08 00:08:32 - 文件长度：0x28F2 = 10482 字节 
2016-02-08 00:08:33 - 文件重载成功，长度: 10482 字节
2016-02-08 00:08:33 - Unique ID: 
2016-02-08 00:08:33 -  5A 5A FF FF FF FF FF FF FF FF FF 5C D0 7F B0 AB
2016-02-08 00:08:33 - CHIPID: 
2016-02-08 00:08:33 - 5C D0 7F B0 AB 
2016-02-08 00:08:33 - Infopage: 
2016-02-08 00:08:33 - 0x20: FF (NUPP)
2016-02-08 00:08:33 - 0x21: FF (DAEN)
2016-02-08 00:08:33 - 0x22: FF (RDISIP)
2016-02-08 00:08:33 - 0x23: FF (RDISMB)
2016-02-08 00:08:33 - 0x24: FF (ENDEBUG)
2016-02-08 00:08:33 - 擦除器件...
2016-02-08 00:08:33 - 擦除器件.........完成
2016-02-08 00:08:33 - Unique ID: 
2016-02-08 00:08:33 -  5A 5A FF FF FF FF FF FF FF FF FF 5C D0 7F B0 AB
2016-02-08 00:08:33 - CHIPID: 
2016-02-08 00:08:33 - 5C D0 7F B0 AB 
2016-02-08 00:08:33 - Infopage: 
2016-02-08 00:08:33 - 0x20: FF (NUPP)
2016-02-08 00:08:33 - 0x21: FF (DAEN)
2016-02-08 00:08:33 - 0x22: FF (RDISIP)
2016-02-08 00:08:33 - 0x23: FF (RDISMB)
2016-02-08 00:08:33 - 0x24: FF (ENDEBUG)
2016-02-08 00:08:33 - 编程器件...
2016-02-08 00:08:34 - 编程器件.........完成
2016-02-08 00:08:34 - 效验器件...
2016-02-08 00:08:34 - 效验器件.........OK
2016-02-08 22:02:24 - 读入文件： C:\Users\CUI\Documents\GitHub\iHomePlug\Dongle\build\iHomeDongle.hex
2016-02-08 22:02:24 - 文件长度：0x2890 = 10384 字节 
2016-02-08 22:02:25 - 文件重载成功，长度: 10384 字节
2016-02-08 22:02:25 - Unique ID: 
2016-02-08 22:02:25 -  5A 5A FF FF FF FF FF FF FF FF FF 5C D0 7F B0 AB
2016-02-08 22:02:25 - CHIPID: 
2016-02-08 22:02:25 - 5C D0 7F B0 AB 
2016-02-08 22:02:25 - Infopage: 
2016-02-08 22:02:25 - 0x20: FF (NUPP)
2016-02-08 22:02:25 - 0x21: FF (DAEN)
2016-02-08 22:02:25 - 0x22: FF (RDISIP)
2016-02-08 22:02:25 - 0x23: FF (RDISMB)
2016-02-08 22:02:25 - 0x24: FF (ENDEBUG)
2016-02-08 22:02:25 - 擦除器件...
2016-02-08 22:02:25 - 擦除器件.........完成
2016-02-08 22:02:25 - Unique ID: 
2016-02-08 22:02:25 -  5A 5A FF FF FF FF FF FF FF FF FF 5C D0 7F B0 AB
2016-02-08 22:02:25 - CHIPID: 
2016-02-08 22:02:25 - 5C D0 7F B0 AB 
2016-02-08 22:02:25 - Infopage: 
2016-02-08 22:02:25 - 0x20: FF (NUPP)
2016-02-08 22:02:25 - 0x21: FF (DAEN)
2016-02-08 22:02:25 - 0x22: FF (RDISIP)
2016-02-08 22:02:25 - 0x23: FF (RDISMB)
2016-02-08 22:02:25 - 0x24: FF (ENDEBUG)
2016-02-08 22:02:25 - 编程器件...
2016-02-08 22:02:26 - 编程器件.........完成
2016-02-08 22:02:26 - 效验器件...
2016-02-08 22:02:26 - 效验器件.........OK
2016-02-08 22:07:34 - 读入文件： C:\Users\CUI\Documents\GitHub\iHomePlug\Dongle\build\iHomeDongle.hex
2016-02-08 22:07:34 - 文件长度：0x289B = 10395 字节 
2016-02-08 22:07:35 - 文件重载成功，长度: 10395 字节
2016-02-08 22:07:35 - Unique ID: 
2016-02-08 22:07:35 -  5A 5A FF FF FF FF FF FF FF FF FF 5C D0 7F B0 AB
2016-02-08 22:07:35 - CHIPID: 
2016-02-08 22:07:35 - 5C D0 7F B0 AB 
2016-02-08 22:07:35 - Infopage: 
2016-02-08 22:07:35 - 0x20: FF (NUPP)
2016-02-08 22:07:35 - 0x21: FF (DAEN)
2016-02-08 22:07:35 - 0x22: FF (RDISIP)
2016-02-08 22:07:35 - 0x23: FF (RDISMB)
2016-02-08 22:07:35 - 0x24: FF (ENDEBUG)
2016-02-08 22:07:35 - 擦除器件...
2016-02-08 22:07:35 - 擦除器件.........完成
2016-02-08 22:07:35 - Unique ID: 
2016-02-08 22:07:35 -  5A 5A FF FF FF FF FF FF FF FF FF 5C D0 7F B0 AB
2016-02-08 22:07:35 - CHIPID: 
2016-02-08 22:07:35 - 5C D0 7F B0 AB 
2016-02-08 22:07:35 - Infopage: 
2016-02-08 22:07:35 - 0x20: FF (NUPP)
2016-02-08 22:07:35 - 0x21: FF (DAEN)
2016-02-08 22:07:35 - 0x22: FF (RDISIP)
2016-02-08 22:07:35 - 0x23: FF (RDISMB)
2016-02-08 22:07:35 - 0x24: FF (ENDEBUG)
2016-02-08 22:07:35 - 编程器件...
2016-02-08 22:07:36 - 编程器件.........完成
2016-02-08 22:07:36 - 效验器件...
2016-02-08 22:07:36 - 效验器件.........OK
2016-02-08 22:12:37 - 读入文件： C:\Users\CUI\Documents\GitHub\iHomePlug\Dongle\build\iHomeDongle.hex
2016-02-08 22:12:37 - 文件长度：0x2885 = 10373 字节 
2016-02-08 22:12:38 - 文件重载成功，长度: 10373 字节
2016-02-08 22:12:38 - Unique ID: 
2016-02-08 22:12:38 -  5A 5A FF FF FF FF FF FF FF FF FF 5C D0 7F B0 AB
2016-02-08 22:12:38 - CHIPID: 
2016-02-08 22:12:38 - 5C D0 7F B0 AB 
2016-02-08 22:12:38 - Infopage: 
2016-02-08 22:12:38 - 0x20: FF (NUPP)
2016-02-08 22:12:38 - 0x21: FF (DAEN)
2016-02-08 22:12:38 - 0x22: FF (RDISIP)
2016-02-08 22:12:38 - 0x23: FF (RDISMB)
2016-02-08 22:12:38 - 0x24: FF (ENDEBUG)
2016-02-08 22:12:38 - 擦除器件...
2016-02-08 22:12:38 - 擦除器件.........完成
2016-02-08 22:12:38 - Unique ID: 
2016-02-08 22:12:38 -  5A 5A FF FF FF FF FF FF FF FF FF 5C D0 7F B0 AB
2016-02-08 22:12:38 - CHIPID: 
2016-02-08 22:12:38 - 5C D0 7F B0 AB 
2016-02-08 22:12:38 - Infopage: 
2016-02-08 22:12:38 - 0x20: FF (NUPP)
2016-02-08 22:12:38 - 0x21: FF (DAEN)
2016-02-08 22:12:38 - 0x22: FF (RDISIP)
2016-02-08 22:12:38 - 0x23: FF (RDISMB)
2016-02-08 22:12:38 - 0x24: FF (ENDEBUG)
2016-02-08 22:12:38 - 编程器件...
2016-02-08 22:12:39 - 编程器件.........完成
2016-02-08 22:12:39 - 效验器件...
2016-02-08 22:12:40 - 效验器件.........OK
2016-02-08 22:26:37 - 读入文件： C:\Users\CUI\Documents\GitHub\iHomePlug\Dongle\build\iHomeDongle.hex
2016-02-08 22:26:37 - 文件长度：0x2669 = 9833 字节 
2016-02-08 22:26:38 - 文件重载成功，长度: 9833 字节
2016-02-08 22:26:38 - Unique ID: 
2016-02-08 22:26:38 -  5A 5A FF FF FF FF FF FF FF FF FF 5C D0 7F B0 AB
2016-02-08 22:26:38 - CHIPID: 
2016-02-08 22:26:38 - 5C D0 7F B0 AB 
2016-02-08 22:26:38 - Infopage: 
2016-02-08 22:26:38 - 0x20: FF (NUPP)
2016-02-08 22:26:38 - 0x21: FF (DAEN)
2016-02-08 22:26:38 - 0x22: FF (RDISIP)
2016-02-08 22:26:38 - 0x23: FF (RDISMB)
2016-02-08 22:26:38 - 0x24: FF (ENDEBUG)
2016-02-08 22:26:38 - 擦除器件...
2016-02-08 22:26:38 - 擦除器件.........完成
2016-02-08 22:26:38 - Unique ID: 
2016-02-08 22:26:38 -  5A 5A FF FF FF FF FF FF FF FF FF 5C D0 7F B0 AB
2016-02-08 22:26:38 - CHIPID: 
2016-02-08 22:26:38 - 5C D0 7F B0 AB 
2016-02-08 22:26:38 - Infopage: 
2016-02-08 22:26:38 - 0x20: FF (NUPP)
2016-02-08 22:26:38 - 0x21: FF (DAEN)
2016-02-08 22:26:38 - 0x22: FF (RDISIP)
2016-02-08 22:26:38 - 0x23: FF (RDISMB)
2016-02-08 22:26:38 - 0x24: FF (ENDEBUG)
2016-02-08 22:26:38 - 编程器件...
2016-02-08 22:26:39 - 编程器件.........完成
2016-02-08 22:26:39 - 效验器件...
2016-02-08 22:26:39 - 效验器件.........OK
2016-02-08 22:28:26 - 读入文件： C:\Users\CUI\Documents\GitHub\iHomePlug\Dongle\build\iHomeDongle.hex
2016-02-08 22:28:26 - 文件长度：0x25C7 = 9671 字节 
2016-02-08 22:28:27 - 文件重载成功，长度: 9671 字节
2016-02-08 22:28:27 - Unique ID: 
2016-02-08 22:28:27 -  5A 5A FF FF FF FF FF FF FF FF FF 5C D0 7F B0 AB
2016-02-08 22:28:27 - CHIPID: 
2016-02-08 22:28:27 - 5C D0 7F B0 AB 
2016-02-08 22:28:27 - Infopage: 
2016-02-08 22:28:27 - 0x20: FF (NUPP)
2016-02-08 22:28:27 - 0x21: FF (DAEN)
2016-02-08 22:28:27 - 0x22: FF (RDISIP)
2016-02-08 22:28:27 - 0x23: FF (RDISMB)
2016-02-08 22:28:27 - 0x24: FF (ENDEBUG)
2016-02-08 22:28:27 - 擦除器件...
2016-02-08 22:28:28 - 擦除器件.........完成
2016-02-08 22:28:28 - Unique ID: 
2016-02-08 22:28:28 -  5A 5A FF FF FF FF FF FF FF FF FF 5C D0 7F B0 AB
2016-02-08 22:28:28 - CHIPID: 
2016-02-08 22:28:28 - 5C D0 7F B0 AB 
2016-02-08 22:28:28 - Infopage: 
2016-02-08 22:28:28 - 0x20: FF (NUPP)
2016-02-08 22:28:28 - 0x21: FF (DAEN)
2016-02-08 22:28:28 - 0x22: FF (RDISIP)
2016-02-08 22:28:28 - 0x23: FF (RDISMB)
2016-02-08 22:28:28 - 0x24: FF (ENDEBUG)
2016-02-08 22:28:28 - 编程器件...
2016-02-08 22:28:28 - 编程器件.........完成
2016-02-08 22:28:28 - 效验器件...
2016-02-08 22:28:29 - 效验器件.........OK
2016-02-08 23:23:32 - 读入文件： C:\Users\CUI\Documents\GitHub\iHomePlug\Dongle\build\iHomeDongle.hex
2016-02-08 23:23:32 - 文件长度：0x25CE = 9678 字节 
2016-02-08 23:23:33 - 文件重载成功，长度: 9678 字节
2016-02-08 23:23:33 - Unique ID: 
2016-02-08 23:23:33 -  5A 5A FF FF FF FF FF FF FF FF FF 5C D0 7F B0 AB
2016-02-08 23:23:33 - CHIPID: 
2016-02-08 23:23:33 - 5C D0 7F B0 AB 
2016-02-08 23:23:33 - Infopage: 
2016-02-08 23:23:33 - 0x20: FF (NUPP)
2016-02-08 23:23:33 - 0x21: FF (DAEN)
2016-02-08 23:23:33 - 0x22: FF (RDISIP)
2016-02-08 23:23:33 - 0x23: FF (RDISMB)
2016-02-08 23:23:33 - 0x24: FF (ENDEBUG)
2016-02-08 23:23:33 - 擦除器件...
2016-02-08 23:23:33 - 擦除器件.........完成
2016-02-08 23:23:33 - Unique ID: 
2016-02-08 23:23:33 -  5A 5A FF FF FF FF FF FF FF FF FF 5C D0 7F B0 AB
2016-02-08 23:23:33 - CHIPID: 
2016-02-08 23:23:33 - 5C D0 7F B0 AB 
2016-02-08 23:23:33 - Infopage: 
2016-02-08 23:23:33 - 0x20: FF (NUPP)
2016-02-08 23:23:33 - 0x21: FF (DAEN)
2016-02-08 23:23:33 - 0x22: FF (RDISIP)
2016-02-08 23:23:33 - 0x23: FF (RDISMB)
2016-02-08 23:23:33 - 0x24: FF (ENDEBUG)
2016-02-08 23:23:33 - 编程器件...
2016-02-08 23:23:34 - 编程器件.........完成
2016-02-08 23:23:34 - 效验器件...
2016-02-08 23:23:34 - 效验器件.........OK
2016-02-08 23:28:10 - 读入文件： C:\Users\CUI\Documents\GitHub\iHomePlug\Dongle\build\iHomeDongle.hex
2016-02-08 23:28:10 - 文件长度：0x2675 = 9845 字节 
2016-02-08 23:28:11 - 文件重载成功，长度: 9845 字节
2016-02-08 23:28:11 - Unique ID: 
2016-02-08 23:28:12 -  5A 5A FF FF FF FF FF FF FF FF FF 5C D0 7F B0 AB
2016-02-08 23:28:12 - CHIPID: 
2016-02-08 23:28:12 - 5C D0 7F B0 AB 
2016-02-08 23:28:12 - Infopage: 
2016-02-08 23:28:12 - 0x20: FF (NUPP)
2016-02-08 23:28:12 - 0x21: FF (DAEN)
2016-02-08 23:28:12 - 0x22: FF (RDISIP)
2016-02-08 23:28:12 - 0x23: FF (RDISMB)
2016-02-08 23:28:12 - 0x24: FF (ENDEBUG)
2016-02-08 23:28:12 - 擦除器件...
2016-02-08 23:28:12 - 擦除器件.........完成
2016-02-08 23:28:12 - Unique ID: 
2016-02-08 23:28:12 -  5A 5A FF FF FF FF FF FF FF FF FF 5C D0 7F B0 AB
2016-02-08 23:28:12 - CHIPID: 
2016-02-08 23:28:12 - 5C D0 7F B0 AB 
2016-02-08 23:28:12 - Infopage: 
2016-02-08 23:28:12 - 0x20: FF (NUPP)
2016-02-08 23:28:12 - 0x21: FF (DAEN)
2016-02-08 23:28:12 - 0x22: FF (RDISIP)
2016-02-08 23:28:12 - 0x23: FF (RDISMB)
2016-02-08 23:28:12 - 0x24: FF (ENDEBUG)
2016-02-08 23:28:12 - 编程器件...
2016-02-08 23:28:13 - 编程器件.........完成
2016-02-08 23:28:13 - 效验器件...
2016-02-08 23:28:13 - 效验器件.........OK
2016-02-08 23:31:45 - 读入文件： C:\Users\CUI\Documents\GitHub\iHomePlug\Dongle\build\iHomeDongle.hex
2016-02-08 23:31:45 - 文件长度：0x25EC = 9708 字节 
2016-02-08 23:31:46 - 文件重载成功，长度: 9708 字节
2016-02-08 23:31:46 - Unique ID: 
2016-02-08 23:31:46 -  5A 5A FF FF FF FF FF FF FF FF FF 5C D0 7F B0 AB
2016-02-08 23:31:46 - CHIPID: 
2016-02-08 23:31:46 - 5C D0 7F B0 AB 
2016-02-08 23:31:46 - Infopage: 
2016-02-08 23:31:46 - 0x20: FF (NUPP)
2016-02-08 23:31:46 - 0x21: FF (DAEN)
2016-02-08 23:31:46 - 0x22: FF (RDISIP)
2016-02-08 23:31:46 - 0x23: FF (RDISMB)
2016-02-08 23:31:46 - 0x24: FF (ENDEBUG)
2016-02-08 23:31:46 - 擦除器件...
2016-02-08 23:31:46 - 擦除器件.........完成
2016-02-08 23:31:46 - Unique ID: 
2016-02-08 23:31:46 -  5A 5A FF FF FF FF FF FF FF FF FF 5C D0 7F B0 AB
2016-02-08 23:31:46 - CHIPID: 
2016-02-08 23:31:46 - 5C D0 7F B0 AB 
2016-02-08 23:31:46 - Infopage: 
2016-02-08 23:31:46 - 0x20: FF (NUPP)
2016-02-08 23:31:46 - 0x21: FF (DAEN)
2016-02-08 23:31:46 - 0x22: FF (RDISIP)
2016-02-08 23:31:46 - 0x23: FF (RDISMB)
2016-02-08 23:31:46 - 0x24: FF (ENDEBUG)
2016-02-08 23:31:46 - 编程器件...
2016-02-08 23:31:47 - 编程器件.........完成
2016-02-08 23:31:47 - 效验器件...
2016-02-08 23:31:47 - 效验器件.........OK
2016-02-08 23:32:24 - 读入文件： C:\Users\CUI\Documents\GitHub\iHomePlug\Dongle\build\iHomeDongle.hex
2016-02-08 23:32:24 - 文件长度：0x25EC = 9708 字节 
2016-02-08 23:32:25 - 文件重载成功，长度: 9708 字节
2016-02-08 23:32:25 - Unique ID: 
2016-02-08 23:32:25 -  5A 5A FF FF FF FF FF FF FF FF FF 5C D0 7F B0 AB
2016-02-08 23:32:25 - CHIPID: 
2016-02-08 23:32:25 - 5C D0 7F B0 AB 
2016-02-08 23:32:25 - Infopage: 
2016-02-08 23:32:25 - 0x20: FF (NUPP)
2016-02-08 23:32:25 - 0x21: FF (DAEN)
2016-02-08 23:32:25 - 0x22: FF (RDISIP)
2016-02-08 23:32:25 - 0x23: FF (RDISMB)
2016-02-08 23:32:25 - 0x24: FF (ENDEBUG)
2016-02-08 23:32:25 - 擦除器件...
2016-02-08 23:32:25 - 擦除器件.........完成
2016-02-08 23:32:25 - Unique ID: 
2016-02-08 23:32:25 -  5A 5A FF FF FF FF FF FF FF FF FF 5C D0 7F B0 AB
2016-02-08 23:32:25 - CHIPID: 
2016-02-08 23:32:25 - 5C D0 7F B0 AB 
2016-02-08 23:32:25 - Infopage: 
2016-02-08 23:32:25 - 0x20: FF (NUPP)
2016-02-08 23:32:25 - 0x21: FF (DAEN)
2016-02-08 23:32:25 - 0x22: FF (RDISIP)
2016-02-08 23:32:25 - 0x23: FF (RDISMB)
2016-02-08 23:32:25 - 0x24: FF (ENDEBUG)
2016-02-08 23:32:25 - 编程器件...
2016-02-08 23:32:26 - 编程器件.........完成
2016-02-08 23:32:26 - 效验器件...
2016-02-08 23:32:26 - 效验器件.........OK
2016-02-08 23:33:50 - 读入文件： C:\Users\CUI\Documents\GitHub\iHomePlug\Dongle\build\iHomeDongle.hex
2016-02-08 23:33:50 - 文件长度：0x25CE = 9678 字节 
2016-02-08 23:33:51 - 文件重载成功，长度: 9678 字节
2016-02-08 23:33:52 - Unique ID: 
2016-02-08 23:33:52 -  5A 5A FF FF FF FF FF FF FF FF FF 5C D0 7F B0 AB
2016-02-08 23:33:52 - CHIPID: 
2016-02-08 23:33:52 - 5C D0 7F B0 AB 
2016-02-08 23:33:52 - Infopage: 
2016-02-08 23:33:52 - 0x20: FF (NUPP)
2016-02-08 23:33:52 - 0x21: FF (DAEN)
2016-02-08 23:33:52 - 0x22: FF (RDISIP)
2016-02-08 23:33:52 - 0x23: FF (RDISMB)
2016-02-08 23:33:52 - 0x24: FF (ENDEBUG)
2016-02-08 23:33:52 - 擦除器件...
2016-02-08 23:33:52 - 擦除器件.........完成
2016-02-08 23:33:52 - Unique ID: 
2016-02-08 23:33:52 -  5A 5A FF FF FF FF FF FF FF FF FF 5C D0 7F B0 AB
2016-02-08 23:33:52 - CHIPID: 
2016-02-08 23:33:52 - 5C D0 7F B0 AB 
2016-02-08 23:33:52 - Infopage: 
2016-02-08 23:33:52 - 0x20: FF (NUPP)
2016-02-08 23:33:52 - 0x21: FF (DAEN)
2016-02-08 23:33:52 - 0x22: FF (RDISIP)
2016-02-08 23:33:52 - 0x23: FF (RDISMB)
2016-02-08 23:33:52 - 0x24: FF (ENDEBUG)
2016-02-08 23:33:52 - 编程器件...
2016-02-08 23:33:53 - 编程器件.........完成
2016-02-08 23:33:53 - 效验器件...
2016-02-08 23:33:53 - 效验器件.........OK
2016-02-08 23:35:31 - 读入文件： C:\Users\CUI\Documents\GitHub\iHomePlug\Dongle\build\iHomeDongle.hex
2016-02-08 23:35:31 - 文件长度：0x25D0 = 9680 字节 
2016-02-08 23:35:32 - 文件重载成功，长度: 9680 字节
2016-02-08 23:35:32 - Unique ID: 
2016-02-08 23:35:32 -  5A 5A FF FF FF FF FF FF FF FF FF 5C D0 7F B0 AB
2016-02-08 23:35:32 - CHIPID: 
2016-02-08 23:35:32 - 5C D0 7F B0 AB 
2016-02-08 23:35:32 - Infopage: 
2016-02-08 23:35:32 - 0x20: FF (NUPP)
2016-02-08 23:35:32 - 0x21: FF (DAEN)
2016-02-08 23:35:32 - 0x22: FF (RDISIP)
2016-02-08 23:35:32 - 0x23: FF (RDISMB)
2016-02-08 23:35:32 - 0x24: FF (ENDEBUG)
2016-02-08 23:35:32 - 擦除器件...
2016-02-08 23:35:32 - 擦除器件.........完成
2016-02-08 23:35:33 - Unique ID: 
2016-02-08 23:35:33 -  5A 5A FF FF FF FF FF FF FF FF FF 5C D0 7F B0 AB
2016-02-08 23:35:33 - CHIPID: 
2016-02-08 23:35:33 - 5C D0 7F B0 AB 
2016-02-08 23:35:33 - Infopage: 
2016-02-08 23:35:33 - 0x20: FF (NUPP)
2016-02-08 23:35:33 - 0x21: FF (DAEN)
2016-02-08 23:35:33 - 0x22: FF (RDISIP)
2016-02-08 23:35:33 - 0x23: FF (RDISMB)
2016-02-08 23:35:33 - 0x24: FF (ENDEBUG)
2016-02-08 23:35:33 - 编程器件...
2016-02-08 23:35:33 - 编程器件.........完成
2016-02-08 23:35:33 - 效验器件...
2016-02-08 23:35:34 - 效验器件.........OK
