C51 COMPILER V9.54   GZLL_MCU                                                              02/08/2016 23:35:19 PAGE 1   


C51 COMPILER V9.54, COMPILATION OF MODULE GZLL_MCU
OBJECT MODULE PLACED IN .\build\gzll_mcu.obj
COMPILER INVOKED BY: C:\Keil_v5\C51\BIN\C51.EXE gazell\nrf24lu1\gzll_mcu.c LARGE OBJECTADVANCED OPTIMIZE(8,SPEED) BROWSE
                    - INCDIR(hal;hal\nrf24l01p;gazell\common;gazell\nrf24lu1;params;lib\crypt;lib\assertions;hal\nrf24lu1p;compiler\c51;compi
                    -ler\common;app) DEFINE(NRF24LU1P) DEBUG PRINT(.\lst\gzll_mcu.lst) OBJECT(.\build\gzll_mcu.obj)

line level    source

   1          /* Copyright (c) 2009 Nordic Semiconductor. All Rights Reserved.
   2           *
   3           * The information contained herein is confidential property of Nordic 
   4           * Semiconductor ASA.Terms and conditions of usage are described in detail 
   5           * in NORDIC SEMICONDUCTOR STANDARD SOFTWARE LICENSE AGREEMENT. 
   6           *
   7           * Licensees are granted free, non-transferable use of the information. NO
   8           * WARRENTY of ANY KIND is provided. This heading must NOT be removed from
   9           * the file.
  10           *              
  11           * $LastChangedRevision: 133 $
  12           */
  13          
  14          
  15          /** @file
  16           * @brief Implementation of Gazell Link Layer nRF24LU1+ specific functions
  17           */
  18          
  19          #include "gzll.h"
  20          
  21          void mcu_init()
  22          {
  23   1        RF = 1;                                       // Radio IRQ enable
  24   1        
  25   1        CE_LOW();
  26   1        RFCTL = 0x10;                                 // RF SPI Enable 
  27   1         
  28   1        T2CON = 0x10;                                 // Reload mode 0, osc / 12 
  29   1        T2I0 = 1;                                     // Start Timer2
  30   1      }
  31          
  32          void gzll_set_timer_period(uint16_t period)
  33          {
  34   1        T2 = CRC = (uint32_t)0x10000 - (int)((float)period * 4 / 3 + 0.5);             // Set up period for time
             -r 2
  35   1      }


MODULE INFORMATION:   STATIC OVERLAYABLE
   CODE SIZE        =     68    ----
   CONSTANT SIZE    =   ----    ----
   XDATA SIZE       =   ----    ----
   PDATA SIZE       =   ----    ----
   DATA SIZE        =   ----    ----
   IDATA SIZE       =   ----    ----
   BIT SIZE         =   ----    ----
   EDATA SIZE       =   ----    ----
   HDATA SIZE       =   ----    ----
   XDATA CONST SIZE =   ----    ----
   FAR CONST SIZE   =   ----    ----
END OF MODULE INFORMATION.


C51 COMPILATION COMPLETE.  0 WARNING(S),  0 ERROR(S)
