C51 COMPILER V9.54   GZLL_TIMER_ISR                                                        02/08/2016 23:35:19 PAGE 1   


C51 COMPILER V9.54, COMPILATION OF MODULE GZLL_TIMER_ISR
OBJECT MODULE PLACED IN .\build\gzll_timer_isr.obj
COMPILER INVOKED BY: C:\Keil_v5\C51\BIN\C51.EXE gazell\nrf24lu1\gzll_timer_isr.c LARGE OBJECTADVANCED OPTIMIZE(8,SPEED) 
                    -BROWSE INCDIR(hal;hal\nrf24l01p;gazell\common;gazell\nrf24lu1;params;lib\crypt;lib\assertions;hal\nrf24lu1p;compiler\c51
                    -;compiler\common;app) DEFINE(NRF24LU1P) DEBUG PRINT(.\lst\gzll_timer_isr.lst) OBJECT(.\build\gzll_timer_isr.obj)

line level    source

   1          /* Copyright (c) 2009 Nordic Semiconductor. All Rights Reserved.
   2           *
   3           * The information contained herein is confidential property of Nordic
   4           * Semiconductor ASA.Terms and conditions of usage are described in detail
   5           * in NORDIC SEMICONDUCTOR STANDARD SOFTWARE LICENSE AGREEMENT.
   6           *
   7           * Licensees are granted free, non-transferable use of the information. NO
   8           * WARRENTY of ANY KIND is provided. This heading must NOT be removed from
   9           * the file.
  10           *
  11           * $LastChangedRevision: 230 $
  12           */
  13          
  14          /** @file
  15           * @brief Gazell Link Layer nRF24LU1+ timer interrupt service routine.
  16           */
  17          
  18          #include "gzll.h"
  19          
  20          //lint -esym(552, timer_cnt) "symbol not accessed"
  21          volatile uint16_t xdata timer_cnt = 0;        // General purpose variable to be used for utilizing timer f
             -or other purposes
  22          
  23          T2_ISR()
  24          {
  25   1        TF2 = 0;
  26   1        gzll_timer_isr_function();
  27   1        timer_cnt++;
  28   1      }


MODULE INFORMATION:   STATIC OVERLAYABLE
   CODE SIZE        =     78    ----
   CONSTANT SIZE    =   ----    ----
   XDATA SIZE       =      2    ----
   PDATA SIZE       =   ----    ----
   DATA SIZE        =   ----    ----
   IDATA SIZE       =   ----    ----
   BIT SIZE         =   ----    ----
   EDATA SIZE       =   ----    ----
   HDATA SIZE       =   ----    ----
   XDATA CONST SIZE =   ----    ----
   FAR CONST SIZE   =   ----    ----
END OF MODULE INFORMATION.


C51 COMPILATION COMPLETE.  0 WARNING(S),  0 ERROR(S)
